--- Sat Jul  5 22:00:31 2025 ---
No output

--- Sat Jul  5 22:00:32 2025 ---
No output

--- Sat Jul  5 22:00:32 2025 ---
No output

--- Sat Jul  5 22:00:32 2025 ---
No output

--- Sat Jul  5 22:00:32 2025 ---
No output

--- Sat Jul  5 22:00:32 2025 ---
No output

--- Sat Jul  5 22:00:33 2025 ---
No output

--- Sat Jul  5 22:00:33 2025 ---
No output

--- Sat Jul  5 22:00:33 2025 ---
No output

--- Sat Jul  5 22:00:33 2025 ---
No output

--- Sat Jul  5 22:00:33 2025 ---
No output

--- Sat Jul  5 22:00:34 2025 ---
No output

--- Sat Jul  5 22:00:34 2025 ---
No output

--- Sat Jul  5 22:00:34 2025 ---
No output

--- Sat Jul  5 22:00:34 2025 ---
No output

--- Sat Jul  5 22:00:34 2025 ---
No output

--- Sat Jul  5 22:00:35 2025 ---
No output

--- Sat Jul  5 22:00:35 2025 ---
No output

--- Sat Jul  5 22:00:35 2025 ---
No output

--- Sat Jul  5 22:00:35 2025 ---
No output

--- Sat Jul  5 22:00:35 2025 ---
No output

--- Sat Jul  5 22:00:36 2025 ---
No output

--- Sat Jul  5 22:00:36 2025 ---
No output

--- Sat Jul  5 22:00:36 2025 ---
No output

--- Sat Jul  5 22:00:36 2025 ---
No output

--- Sat Jul  5 22:00:36 2025 ---
No output

--- Sat Jul  5 22:00:37 2025 ---
No output

--- Sat Jul  5 22:00:37 2025 ---
No output

--- Sat Jul  5 22:00:37 2025 ---
No output

--- Sat Jul  5 22:00:37 2025 ---
No output

--- Sat Jul  5 22:00:38 2025 ---
No output

--- Sat Jul  5 22:00:38 2025 ---
No output

--- Sat Jul  5 22:00:38 2025 ---
No output

--- Sat Jul  5 22:00:38 2025 ---
No output

--- Sat Jul  5 22:00:38 2025 ---
No output

--- Sat Jul  5 22:00:39 2025 ---
No output

--- Sat Jul  5 22:00:39 2025 ---
No output

--- Sat Jul  5 22:00:39 2025 ---
No output

--- Sat Jul  5 22:00:39 2025 ---
No output

--- Sat Jul  5 22:00:39 2025 ---
No output

--- Sat Jul  5 22:00:40 2025 ---
No output

--- Sat Jul  5 22:00:40 2025 ---
No output

--- Sat Jul  5 22:00:40 2025 ---
No output

--- Sat Jul  5 22:00:40 2025 ---
No output

--- Sat Jul  5 22:00:40 2025 ---
No output

--- Sat Jul  5 22:00:41 2025 ---
No output

--- Sat Jul  5 22:00:41 2025 ---
No output

--- Sat Jul  5 22:00:41 2025 ---
No output

--- Sat Jul  5 22:02:08 2025 ---
No output

--- Sat Jul  5 22:02:09 2025 ---
No output

--- Sat Jul  5 22:02:09 2025 ---
No output

--- Sat Jul  5 22:02:09 2025 ---
No output

--- Sat Jul  5 22:02:09 2025 ---
No output

--- Sat Jul  5 22:02:09 2025 ---
No output

--- Sat Jul  5 22:02:10 2025 ---
No output

--- Sat Jul  5 22:02:10 2025 ---
No output

--- Sat Jul  5 22:02:10 2025 ---
No output

--- Sat Jul  5 22:02:10 2025 ---
No output

--- Sat Jul  5 22:02:10 2025 ---
No output

--- Sat Jul  5 22:02:11 2025 ---
No output

--- Sat Jul  5 22:02:11 2025 ---
No output

--- Sat Jul  5 22:02:11 2025 ---
No output

--- Sat Jul  5 22:02:11 2025 ---
No output

--- Sat Jul  5 22:02:11 2025 ---
No output

--- Sat Jul  5 22:02:12 2025 ---
No output

--- Sat Jul  5 22:02:12 2025 ---
No output

--- Sat Jul  5 22:02:12 2025 ---
No output

--- Sat Jul  5 22:02:12 2025 ---
No output

--- Sat Jul  5 22:02:12 2025 ---
No output

--- Sat Jul  5 22:02:13 2025 ---
No output

--- Sat Jul  5 22:02:13 2025 ---
No output

--- Sat Jul  5 22:02:13 2025 ---
No output

--- Sat Jul  5 22:02:13 2025 ---
No output

--- Sat Jul  5 22:02:13 2025 ---
No output

--- Sat Jul  5 22:03:17 2025 ---
No output

--- Sat Jul  5 22:03:17 2025 ---
No output

--- Sat Jul  5 22:03:18 2025 ---
No output

--- Sat Jul  5 22:03:18 2025 ---
No output

--- Sat Jul  5 22:03:18 2025 ---
No output

--- Sat Jul  5 22:03:18 2025 ---
No output

--- Sat Jul  5 22:03:18 2025 ---
No output

--- Sat Jul  5 22:03:19 2025 ---
No output

--- Sat Jul  5 22:03:19 2025 ---
No output

--- Sat Jul  5 22:03:19 2025 ---
No output

--- Sat Jul  5 22:03:19 2025 ---
No output

--- Sat Jul  5 22:03:20 2025 ---
No output

--- Sat Jul  5 22:03:20 2025 ---
No output

--- Sat Jul  5 22:03:20 2025 ---
No output

--- Sat Jul  5 22:03:20 2025 ---
No output

--- Sat Jul  5 22:03:20 2025 ---
No output

--- Sat Jul  5 22:03:21 2025 ---
No output

--- Sat Jul  5 22:03:21 2025 ---
No output

--- Sat Jul  5 22:03:21 2025 ---
No output

--- Sat Jul  5 22:03:21 2025 ---
No output

--- Sat Jul  5 22:05:04 2025 ---
No output

--- Sat Jul  5 22:05:04 2025 ---
No output

--- Sat Jul  5 22:05:05 2025 ---
No output

--- Sat Jul  5 22:05:05 2025 ---
No output

--- Sat Jul  5 22:05:05 2025 ---
No output

--- Sat Jul  5 22:05:05 2025 ---
No output

--- Sat Jul  5 22:05:06 2025 ---
No output

--- Sat Jul  5 22:05:06 2025 ---
No output

--- Sat Jul  5 22:05:06 2025 ---
No output

--- Sat Jul  5 22:05:06 2025 ---
No output

--- Sat Jul  5 22:05:06 2025 ---
No output

--- Sat Jul  5 22:05:07 2025 ---
No output

--- Sat Jul  5 22:05:07 2025 ---
No output

--- Sat Jul  5 22:05:07 2025 ---
No output

--- Sat Jul  5 22:05:07 2025 ---
No output

--- Sat Jul  5 22:05:07 2025 ---
No output

--- Sat Jul  5 22:07:55 2025 ---
No output

--- Sat Jul  5 22:07:58 2025 ---
No output

--- Sat Jul  5 22:08:00 2025 ---
No output

--- Sat Jul  5 22:08:02 2025 ---
No output

--- Sat Jul  5 22:08:04 2025 ---
No output

--- Sat Jul  5 22:08:07 2025 ---
No output

--- Sat Jul  5 22:08:09 2025 ---
No output

--- Sat Jul  5 22:08:11 2025 ---
No output

--- Sat Jul  5 22:08:13 2025 ---
No output

--- Sat Jul  5 22:08:16 2025 ---
No output

--- Sat Jul  5 22:08:18 2025 ---
No output

--- Sat Jul  5 22:08:20 2025 ---
No output

--- Sat Jul  5 22:09:47 2025 ---
No output

--- Sat Jul  5 22:09:50 2025 ---
No output

--- Sat Jul  5 22:09:52 2025 ---
No output

--- Sat Jul  5 22:15:32 2025 ---
No output

--- Sat Jul  5 22:15:35 2025 ---
No output

--- Sat Jul  5 22:15:37 2025 ---
No output

--- Sat Jul  5 22:15:39 2025 ---
No output

--- Sat Jul  5 22:18:50 2025 ---
Here is a valid JSON object with the exact keys:

{
   "action": "remember",
   "type": "fact",
   "subject": "World Health Organization",
   "sentiment": "mixed",
   "confidence": 0.85,
   "original": "The World Health Organization reports that COVID-19 cases are increasing globally, but vaccination efforts show promise."
}

--- Sat Jul  5 22:19:39 2025 ---
Here is a valid JSON object with the specified keys:

{
   "action": "remember",
   "type": "fact",
   "subject": "Negative Customer Feedback",
   "sentiment": "negative",
   "confidence": 0.85,
   "original": "The customer service was terrible and I will never recommend this product to anyone."
}

--- Sat Jul  5 22:19:49 2025 ---
Here is a valid JSON object with the required keys:

{
   "action": "remember",
   "type": "observation",
   "subject": "Economic growth slows down",
   "sentiment": "mixed",
   "confidence": 0.85,
   "original": "The economy has been experiencing a plateau in recent months, which could impact future development."
}

--- Sat Jul  5 22:19:58 2025 ---
Here is a valid JSON object with the specified keys:

{
   "action": "remember",
   "type": "observation",
   "subject": "Poor customer service",
   "sentiment": "negative",
   "confidence": 0.85,
   "original": "The representative was completely unhelpful and just kept repeating the same scripted response."
}

--- Sat Jul  5 22:20:17 2025 ---
Here is a valid JSON object with the required keys:

{
   "action":  "remember",
   "type":  "preference",
   "subject":  "Short-term Financial Goals",
   "sentiment":  "neutral",
   "confidence": 0.85,
   "original":  "I'd like to prioritize saving for a vacation in the next year."
}

--- Sat Jul  5 22:21:15 2025 ---
Here is a valid JSON object with the specified keys:

{
   "action": "remember",
   "type": "fact",
   "subject": "Covid-19 vaccine development",
   "sentiment": "mixed",
   "confidence": 0.85,
   "original": "Researchers are racing against time to develop a Covid-19 vaccine, but some people are skeptical about its effectiveness."
}

--- Sat Jul  5 22:21:31 2025 ---
Here is a valid JSON object that meets the requirements:

{
   "action": "remember",
   "type": "fact",
   "subject": "Common Cold Symptoms",
   "sentiment": "neutral",
   "confidence": 0.85,
   "original": "The common cold can cause sore throat, runny nose, and coughing."
}

--- Sat Jul  5 22:22:12 2025 ---
Here is a valid JSON object with the required keys:

{
  "action": "remember",
  "type": "fact",
  "subject": "Summer Solstice Date",
  "sentiment": "neutral",
  "confidence": 0.87,
  "original": "The summer solstice typically falls on June 20th or 21st."
}

--- Sat Jul  5 22:22:29 2025 ---
Here is a valid JSON object:

{
   "action": "remember",
   "type": "fact",
   "subject": "Historical Event",
   "sentiment": "neutral",
   "confidence": 0.87,
   "original": "The Battle of Gettysburg was a pivotal event in the American Civil War."
}

--- Sat Jul  5 22:22:46 2025 ---
Here is a valid JSON object with the specified keys:

{
   "action": "remember",
   "type": "preference",
   "subject": "User's Favorite Food",
   "sentiment": "positive",
   "confidence": 0.85,
   "original": "I love eating pizza on Friday nights."
}

--- Sat Jul  5 22:23:28 2025 ---
Here is a valid JSON object that meets the requirements:

{
   "action": "remember",
   "type": "preference",
   "subject": "Excellent customer service",
   "sentiment": "positive",
   "confidence": 0.85,
   "original": "I loved how quickly and efficiently my issue was resolved."
}

--- Sat Jul  5 22:23:37 2025 ---
Here is a valid JSON object:

{
  "action": "remember",
  "type": "observation",
  "subject": "Economy Trends Slow",
  "sentiment": "neutral",
  "confidence": 0.85,
  "original": "The current economic indicators suggest a slight slowdown in growth."
}

--- Sat Jul  5 22:24:34 2025 ---
Here is a valid JSON object with the specified keys:

```
{
   "action": "remember",
   "type": "observation",
   "subject": "Fruitful gardening experience",
   "sentiment": "positive",
   "confidence": 0.85,
   "original": "I had a great time harvesting fresh berries from my backyard garden."}

--- Sat Jul  5 22:26:35 2025 ---
Here is a valid JSON object with the required keys:

{
   "action": "remember",
   "type": "preference",
   "subject": "Two-sided Discussion",
   "sentiment": "mixed",
   "confidence": 0.85,
   "original": "The debate raged on, with both sides presenting strong arguments."
}

--- Sat Jul  5 22:26:51 2025 ---
Here is the JSON object:

{
  "action": "remember",
  "type": "preference",
  "subject": "coffee creamer preference",
  "sentiment": "neutral",
  "confidence": 0.85,
  "original": "I prefer half-and-half as my coffee creamer."
}

--- Sat Jul  5 22:27:33 2025 ---
Here is a valid JSON object with the required keys:

{
  "action": "remember",
  "type": "fact",
  "subject": "Economic Growth Rates",
  "sentiment": "positive",
  "confidence": 0.87,
  "original": "The US economy has been experiencing steady growth over the past decade."
}

--- Sat Jul  5 22:27:38 2025 ---
Here is a valid JSON object with the required keys:

{
  "action": "remember",
  "type": "fact",
  "subject": "Economic Growth Rates",
  "sentiment": "positive",
  "confidence": 0.87,
  "original": "The US economy has been experiencing steady growth over the past decade."
}

--- Sat Jul  5 22:27:42 2025 ---
Here is a valid JSON object with the required keys:

{
  "action": "remember",
  "type": "fact",
  "subject": "Economic Growth Rates",
  "sentiment": "positive",
  "confidence": 0.87,
  "original": "The US economy has been experiencing steady growth over the past decade."
}

--- Sat Jul  5 22:27:46 2025 ---
No output

--- Sat Jul  5 22:27:51 2025 ---
No output

--- Sat Jul  5 22:27:55 2025 ---
No output

--- Sat Jul  5 22:27:59 2025 ---
No output

--- Sat Jul  5 22:28:03 2025 ---
No output

--- Sat Jul  5 22:28:08 2025 ---
No output

--- Sat Jul  5 22:28:12 2025 ---
No output

--- Sat Jul  5 22:28:16 2025 ---
No output

--- Sat Jul  5 22:28:20 2025 ---
No output

--- Sat Jul  5 22:28:25 2025 ---
No output

--- Sat Jul  5 22:28:29 2025 ---
No output

--- Sat Jul  5 22:28:33 2025 ---
No output

--- Sat Jul  5 22:28:37 2025 ---
No output

--- Sat Jul  5 22:28:42 2025 ---
No output

--- Sat Jul  5 22:28:46 2025 ---
No output

--- Sat Jul  5 22:28:50 2025 ---
No output

--- Sat Jul  5 22:28:55 2025 ---
No output

--- Sat Jul  5 22:28:59 2025 ---
No output

--- Sat Jul  5 22:29:03 2025 ---
No output

--- Sat Jul  5 22:29:07 2025 ---
No output

--- Sat Jul  5 22:29:12 2025 ---
No output

--- Sat Jul  5 22:29:16 2025 ---
No output

